Analysis & Synthesis report for gatoyraton
Mon Nov 10 19:36:42 2014
Quartus II 64-Bit Version 13.0.1 Build 232 06/12/2013 Service Pack 1 SJ Web Edition


---------------------
; Table of Contents ;
---------------------
  1. Legal Notice
  2. Analysis & Synthesis Summary
  3. Analysis & Synthesis Settings
  4. Parallel Compilation
  5. Analysis & Synthesis Source Files Read
  6. Analysis & Synthesis Resource Usage Summary
  7. Analysis & Synthesis Resource Utilization by Entity
  8. User-Specified and Inferred Latches
  9. Registers Removed During Synthesis
 10. Removed Registers Triggering Further Register Optimizations
 11. General Register Statistics
 12. Inverted Register Statistics
 13. Multiplexer Restructuring Statistics (Restructuring Performed)
 14. Elapsed Time Per Partition
 15. Analysis & Synthesis Messages



----------------
; Legal Notice ;
----------------
Copyright (C) 1991-2013 Altera Corporation
Your use of Altera Corporation's design tools, logic functions 
and other software and tools, and its AMPP partner logic 
functions, and any output files from any of the foregoing 
(including device programming or simulation files), and any 
associated documentation or information are expressly subject 
to the terms and conditions of the Altera Program License 
Subscription Agreement, Altera MegaCore Function License 
Agreement, or other applicable license agreement, including, 
without limitation, that your use is for the sole purpose of 
programming logic devices manufactured by Altera and sold by 
Altera or its authorized distributors.  Please refer to the 
applicable agreement for further details.



+--------------------------------------------------------------------------------------+
; Analysis & Synthesis Summary                                                         ;
+------------------------------------+-------------------------------------------------+
; Analysis & Synthesis Status        ; Successful - Mon Nov 10 19:36:41 2014           ;
; Quartus II 64-Bit Version          ; 13.0.1 Build 232 06/12/2013 SP 1 SJ Web Edition ;
; Revision Name                      ; gatoyraton                                      ;
; Top-level Entity Name              ; gatoyraton                                      ;
; Family                             ; Cyclone II                                      ;
; Total logic elements               ; 253                                             ;
;     Total combinational functions  ; 253                                             ;
;     Dedicated logic registers      ; 65                                              ;
; Total registers                    ; 65                                              ;
; Total pins                         ; 62                                              ;
; Total virtual pins                 ; 0                                               ;
; Total memory bits                  ; 0                                               ;
; Embedded Multiplier 9-bit elements ; 0                                               ;
; Total PLLs                         ; 0                                               ;
+------------------------------------+-------------------------------------------------+


+----------------------------------------------------------------------------------------------------------------------+
; Analysis & Synthesis Settings                                                                                        ;
+----------------------------------------------------------------------------+--------------------+--------------------+
; Option                                                                     ; Setting            ; Default Value      ;
+----------------------------------------------------------------------------+--------------------+--------------------+
; Device                                                                     ; EP2C35F672C6       ;                    ;
; Top-level entity name                                                      ; gatoyraton         ; gatoyraton         ;
; Family name                                                                ; Cyclone II         ; Cyclone IV GX      ;
; Use smart compilation                                                      ; Off                ; Off                ;
; Enable parallel Assembler and TimeQuest Timing Analyzer during compilation ; On                 ; On                 ;
; Enable compact report table                                                ; Off                ; Off                ;
; Restructure Multiplexers                                                   ; Auto               ; Auto               ;
; Create Debugging Nodes for IP Cores                                        ; Off                ; Off                ;
; Preserve fewer node names                                                  ; On                 ; On                 ;
; Disable OpenCore Plus hardware evaluation                                  ; Off                ; Off                ;
; Verilog Version                                                            ; Verilog_2001       ; Verilog_2001       ;
; VHDL Version                                                               ; VHDL_1993          ; VHDL_1993          ;
; State Machine Processing                                                   ; Auto               ; Auto               ;
; Safe State Machine                                                         ; Off                ; Off                ;
; Extract Verilog State Machines                                             ; On                 ; On                 ;
; Extract VHDL State Machines                                                ; On                 ; On                 ;
; Ignore Verilog initial constructs                                          ; Off                ; Off                ;
; Iteration limit for constant Verilog loops                                 ; 5000               ; 5000               ;
; Iteration limit for non-constant Verilog loops                             ; 250                ; 250                ;
; Add Pass-Through Logic to Inferred RAMs                                    ; On                 ; On                 ;
; Infer RAMs from Raw Logic                                                  ; On                 ; On                 ;
; Parallel Synthesis                                                         ; On                 ; On                 ;
; DSP Block Balancing                                                        ; Auto               ; Auto               ;
; NOT Gate Push-Back                                                         ; On                 ; On                 ;
; Power-Up Don't Care                                                        ; On                 ; On                 ;
; Remove Redundant Logic Cells                                               ; Off                ; Off                ;
; Remove Duplicate Registers                                                 ; On                 ; On                 ;
; Ignore CARRY Buffers                                                       ; Off                ; Off                ;
; Ignore CASCADE Buffers                                                     ; Off                ; Off                ;
; Ignore GLOBAL Buffers                                                      ; Off                ; Off                ;
; Ignore ROW GLOBAL Buffers                                                  ; Off                ; Off                ;
; Ignore LCELL Buffers                                                       ; Off                ; Off                ;
; Ignore SOFT Buffers                                                        ; On                 ; On                 ;
; Limit AHDL Integers to 32 Bits                                             ; Off                ; Off                ;
; Optimization Technique                                                     ; Balanced           ; Balanced           ;
; Carry Chain Length                                                         ; 70                 ; 70                 ;
; Auto Carry Chains                                                          ; On                 ; On                 ;
; Auto Open-Drain Pins                                                       ; On                 ; On                 ;
; Perform WYSIWYG Primitive Resynthesis                                      ; Off                ; Off                ;
; Auto ROM Replacement                                                       ; On                 ; On                 ;
; Auto RAM Replacement                                                       ; On                 ; On                 ;
; Auto Shift Register Replacement                                            ; Auto               ; Auto               ;
; Allow Shift Register Merging across Hierarchies                            ; Auto               ; Auto               ;
; Auto Clock Enable Replacement                                              ; On                 ; On                 ;
; Strict RAM Replacement                                                     ; Off                ; Off                ;
; Allow Synchronous Control Signals                                          ; On                 ; On                 ;
; Force Use of Synchronous Clear Signals                                     ; Off                ; Off                ;
; Auto RAM to Logic Cell Conversion                                          ; Off                ; Off                ;
; Auto Resource Sharing                                                      ; Off                ; Off                ;
; Allow Any RAM Size For Recognition                                         ; Off                ; Off                ;
; Allow Any ROM Size For Recognition                                         ; Off                ; Off                ;
; Allow Any Shift Register Size For Recognition                              ; Off                ; Off                ;
; Use LogicLock Constraints during Resource Balancing                        ; On                 ; On                 ;
; Ignore translate_off and synthesis_off directives                          ; Off                ; Off                ;
; Timing-Driven Synthesis                                                    ; Off                ; Off                ;
; Report Parameter Settings                                                  ; On                 ; On                 ;
; Report Source Assignments                                                  ; On                 ; On                 ;
; Report Connectivity Checks                                                 ; On                 ; On                 ;
; Ignore Maximum Fan-Out Assignments                                         ; Off                ; Off                ;
; Synchronization Register Chain Length                                      ; 2                  ; 2                  ;
; PowerPlay Power Optimization                                               ; Normal compilation ; Normal compilation ;
; HDL message level                                                          ; Level2             ; Level2             ;
; Suppress Register Optimization Related Messages                            ; Off                ; Off                ;
; Number of Removed Registers Reported in Synthesis Report                   ; 5000               ; 5000               ;
; Number of Swept Nodes Reported in Synthesis Report                         ; 5000               ; 5000               ;
; Number of Inverted Registers Reported in Synthesis Report                  ; 100                ; 100                ;
; Clock MUX Protection                                                       ; On                 ; On                 ;
; Auto Gated Clock Conversion                                                ; Off                ; Off                ;
; Block Design Naming                                                        ; Auto               ; Auto               ;
; SDC constraint protection                                                  ; Off                ; Off                ;
; Synthesis Effort                                                           ; Auto               ; Auto               ;
; Shift Register Replacement - Allow Asynchronous Clear Signal               ; On                 ; On                 ;
; Pre-Mapping Resynthesis Optimization                                       ; Off                ; Off                ;
; Analysis & Synthesis Message Level                                         ; Medium             ; Medium             ;
; Disable Register Merging Across Hierarchies                                ; Auto               ; Auto               ;
; Resource Aware Inference For Block RAM                                     ; On                 ; On                 ;
; Synthesis Seed                                                             ; 1                  ; 1                  ;
+----------------------------------------------------------------------------+--------------------+--------------------+


Parallel compilation was disabled, but you have multiple processors available. Enable parallel compilation to reduce compilation time.
+-------------------------------------+
; Parallel Compilation                ;
+----------------------------+--------+
; Processors                 ; Number ;
+----------------------------+--------+
; Number detected on machine ; 8      ;
; Maximum allowed            ; 1      ;
+----------------------------+--------+


+------------------------------------------------------------------------------------------------------------------------------------------------------------------------------------------------------------------+
; Analysis & Synthesis Source Files Read                                                                                                                                                                           ;
+----------------------------------+-----------------+------------------------------------+--------------------------------------------------------------------------------------------------------------+---------+
; File Name with User-Entered Path ; Used in Netlist ; File Type                          ; File Name with Absolute Path                                                                                 ; Library ;
+----------------------------------+-----------------+------------------------------------+--------------------------------------------------------------------------------------------------------------+---------+
; gatoyraton.bdf                   ; yes             ; User Block Diagram/Schematic File  ; C:/Users/Quique/Dropbox/_Universidad/Diseño Digital Avanzado/PL3/Juego_Gato_Raton/gatoyraton.bdf             ;         ;
; divisores.vhd                    ; yes             ; User VHDL File                     ; C:/Users/Quique/Dropbox/_Universidad/Diseño Digital Avanzado/PL3/Juego_Gato_Raton/divisores.vhd              ;         ;
; juegoensi.vhd                    ; yes             ; User VHDL File                     ; C:/Users/Quique/Dropbox/_Universidad/Diseño Digital Avanzado/PL3/Juego_Gato_Raton/juegoensi.vhd              ;         ;
; output_files/conversor.vhd       ; yes             ; User VHDL File                     ; C:/Users/Quique/Dropbox/_Universidad/Diseño Digital Avanzado/PL3/Juego_Gato_Raton/output_files/conversor.vhd ;         ;
; 7447.bdf                         ; yes             ; Megafunction                       ; c:/altera/13.0sp1/quartus/libraries/others/maxplus2/7447.bdf                                                 ;         ;
+----------------------------------+-----------------+------------------------------------+--------------------------------------------------------------------------------------------------------------+---------+


+---------------------------------------------------------+
; Analysis & Synthesis Resource Usage Summary             ;
+---------------------------------------------+-----------+
; Resource                                    ; Usage     ;
+---------------------------------------------+-----------+
; Estimated Total logic elements              ; 253       ;
;                                             ;           ;
; Total combinational functions               ; 253       ;
; Logic element usage by number of LUT inputs ;           ;
;     -- 4 input functions                    ; 103       ;
;     -- 3 input functions                    ; 62        ;
;     -- <=2 input functions                  ; 88        ;
;                                             ;           ;
; Logic elements by mode                      ;           ;
;     -- normal mode                          ; 199       ;
;     -- arithmetic mode                      ; 54        ;
;                                             ;           ;
; Total registers                             ; 65        ;
;     -- Dedicated logic registers            ; 65        ;
;     -- I/O registers                        ; 0         ;
;                                             ;           ;
; I/O pins                                    ; 62        ;
; Embedded Multiplier 9-bit elements          ; 0         ;
; Maximum fan-out node                        ; clk_50MHz ;
; Maximum fan-out                             ; 54        ;
; Total fan-out                               ; 933       ;
; Average fan-out                             ; 2.46      ;
+---------------------------------------------+-----------+


+-------------------------------------------------------------------------------------------------------------------------------------------------------------------------------------+
; Analysis & Synthesis Resource Utilization by Entity                                                                                                                                 ;
+----------------------------+-------------------+--------------+-------------+--------------+---------+-----------+------+--------------+-----------------------------+--------------+
; Compilation Hierarchy Node ; LC Combinationals ; LC Registers ; Memory Bits ; DSP Elements ; DSP 9x9 ; DSP 18x18 ; Pins ; Virtual Pins ; Full Hierarchy Name         ; Library Name ;
+----------------------------+-------------------+--------------+-------------+--------------+---------+-----------+------+--------------+-----------------------------+--------------+
; |gatoyraton                ; 253 (0)           ; 65 (0)       ; 0           ; 0            ; 0       ; 0         ; 62   ; 0            ; |gatoyraton                 ; work         ;
;    |clocks:inst|           ; 141 (141)         ; 56 (56)      ; 0           ; 0            ; 0       ; 0         ; 0    ; 0            ; |gatoyraton|clocks:inst     ; work         ;
;    |juegoensi:inst1|       ; 112 (112)         ; 9 (9)        ; 0           ; 0            ; 0       ; 0         ; 0    ; 0            ; |gatoyraton|juegoensi:inst1 ; work         ;
+----------------------------+-------------------+--------------+-------------+--------------+---------+-----------+------+--------------+-----------------------------+--------------+
Note: For table entries with two numbers listed, the numbers in parentheses indicate the number of resources of the given type used by the specific entity alone. The numbers listed outside of parentheses indicate the total resources of the given type used by the specific entity and all of its sub-entities in the hierarchy.


+----------------------------------------------------------------------------------------------------+
; User-Specified and Inferred Latches                                                                ;
+-----------------------------------------------------+---------------------+------------------------+
; Latch Name                                          ; Latch Enable Signal ; Free of Timing Hazards ;
+-----------------------------------------------------+---------------------+------------------------+
; juegoensi:inst1|LEDR[0]                             ; GND                 ; yes                    ;
; juegoensi:inst1|LEDR[1]                             ; GND                 ; yes                    ;
; juegoensi:inst1|LEDR[2]                             ; GND                 ; yes                    ;
; juegoensi:inst1|LEDR[3]                             ; GND                 ; yes                    ;
; juegoensi:inst1|LEDR[4]                             ; GND                 ; yes                    ;
; juegoensi:inst1|LEDR[5]                             ; GND                 ; yes                    ;
; juegoensi:inst1|LEDR[6]                             ; GND                 ; yes                    ;
; juegoensi:inst1|LEDR[7]                             ; GND                 ; yes                    ;
; juegoensi:inst1|LEDR[8]                             ; GND                 ; yes                    ;
; juegoensi:inst1|LEDR[9]                             ; GND                 ; yes                    ;
; juegoensi:inst1|LEDR[10]                            ; GND                 ; yes                    ;
; juegoensi:inst1|LEDR[11]                            ; GND                 ; yes                    ;
; juegoensi:inst1|LEDR[12]                            ; GND                 ; yes                    ;
; juegoensi:inst1|LEDR[13]                            ; GND                 ; yes                    ;
; juegoensi:inst1|LEDR[14]                            ; GND                 ; yes                    ;
; juegoensi:inst1|LEDR[15]                            ; GND                 ; yes                    ;
; juegoensi:inst1|LEDR[16]                            ; GND                 ; yes                    ;
; juegoensi:inst1|LEDR[17]                            ; GND                 ; yes                    ;
; Number of user-specified and inferred latches = 18  ;                     ;                        ;
+-----------------------------------------------------+---------------------+------------------------+
Note: All latches listed above may not be present at the end of synthesis due to various synthesis optimizations.


+----------------------------------------------------------------------------------+
; Registers Removed During Synthesis                                               ;
+----------------------------------------+-----------------------------------------+
; Register name                          ; Reason for Removal                      ;
+----------------------------------------+-----------------------------------------+
; juegoensi:inst1|parpadeo[1..7]         ; Merged with juegoensi:inst1|parpadeo[0] ;
; juegoensi:inst1|SW_old[2]              ; Stuck at GND due to stuck port clock    ;
; juegoensi:inst1|suma_s[1]              ; Stuck at GND due to stuck port clock    ;
; juegoensi:inst1|SW_old[1]              ; Stuck at GND due to stuck port clock    ;
; juegoensi:inst1|suma_s[0]              ; Stuck at GND due to stuck port clock    ;
; juegoensi:inst1|SW_old[0]              ; Stuck at GND due to stuck port clock    ;
; juegoensi:inst1|suma_s[2..6]           ; Stuck at GND due to stuck port clock    ;
; juegoensi:inst1|prueba                 ; Stuck at GND due to stuck port clock    ;
; juegoensi:inst1|SW_old[3..17]          ; Stuck at GND due to stuck port clock    ;
; Total Number of Removed Registers = 33 ;                                         ;
+----------------------------------------+-----------------------------------------+


+-------------------------------------------------------------------------------------------------------------------------------------------+
; Removed Registers Triggering Further Register Optimizations                                                                               ;
+---------------------------+-------------------------+-------------------------------------------------------------------------------------+
; Register name             ; Reason for Removal      ; Registers Removed due to This Register                                              ;
+---------------------------+-------------------------+-------------------------------------------------------------------------------------+
; juegoensi:inst1|SW_old[2] ; Stuck at GND            ; juegoensi:inst1|suma_s[1], juegoensi:inst1|SW_old[1], juegoensi:inst1|suma_s[0],    ;
;                           ; due to stuck port clock ; juegoensi:inst1|SW_old[0], juegoensi:inst1|suma_s[6], juegoensi:inst1|suma_s[5],    ;
;                           ;                         ; juegoensi:inst1|suma_s[4], juegoensi:inst1|suma_s[3], juegoensi:inst1|suma_s[2],    ;
;                           ;                         ; juegoensi:inst1|prueba, juegoensi:inst1|SW_old[3], juegoensi:inst1|SW_old[4],       ;
;                           ;                         ; juegoensi:inst1|SW_old[5], juegoensi:inst1|SW_old[6], juegoensi:inst1|SW_old[7],    ;
;                           ;                         ; juegoensi:inst1|SW_old[8], juegoensi:inst1|SW_old[9], juegoensi:inst1|SW_old[10],   ;
;                           ;                         ; juegoensi:inst1|SW_old[11], juegoensi:inst1|SW_old[12], juegoensi:inst1|SW_old[13], ;
;                           ;                         ; juegoensi:inst1|SW_old[14], juegoensi:inst1|SW_old[15], juegoensi:inst1|SW_old[16], ;
;                           ;                         ; juegoensi:inst1|SW_old[17]                                                          ;
+---------------------------+-------------------------+-------------------------------------------------------------------------------------+


+------------------------------------------------------+
; General Register Statistics                          ;
+----------------------------------------------+-------+
; Statistic                                    ; Value ;
+----------------------------------------------+-------+
; Total registers                              ; 65    ;
; Number of registers using Synchronous Clear  ; 0     ;
; Number of registers using Synchronous Load   ; 0     ;
; Number of registers using Asynchronous Clear ; 1     ;
; Number of registers using Asynchronous Load  ; 0     ;
; Number of registers using Clock Enable       ; 7     ;
; Number of registers using Preset             ; 0     ;
+----------------------------------------------+-------+


+--------------------------------------------------+
; Inverted Register Statistics                     ;
+----------------------------------------+---------+
; Inverted Register                      ; Fan out ;
+----------------------------------------+---------+
; juegoensi:inst1|mov[0]                 ; 1       ;
; Total number of inverted registers = 1 ;         ;
+----------------------------------------+---------+


+--------------------------------------------------------------------------------------------------------------------------------------------+
; Multiplexer Restructuring Statistics (Restructuring Performed)                                                                             ;
+--------------------+-----------+---------------+----------------------+------------------------+------------+------------------------------+
; Multiplexer Inputs ; Bus Width ; Baseline Area ; Area if Restructured ; Saving if Restructured ; Registered ; Example Multiplexer Output   ;
+--------------------+-----------+---------------+----------------------+------------------------+------------+------------------------------+
; 8:1                ; 26 bits   ; 130 LEs       ; 26 LEs               ; 104 LEs                ; No         ; |gatoyraton|clocks:inst|Mux2 ;
+--------------------+-----------+---------------+----------------------+------------------------+------------+------------------------------+


+-------------------------------+
; Elapsed Time Per Partition    ;
+----------------+--------------+
; Partition Name ; Elapsed Time ;
+----------------+--------------+
; Top            ; 00:00:00     ;
+----------------+--------------+


+-------------------------------+
; Analysis & Synthesis Messages ;
+-------------------------------+
Info: *******************************************************************
Info: Running Quartus II 64-Bit Analysis & Synthesis
    Info: Version 13.0.1 Build 232 06/12/2013 Service Pack 1 SJ Web Edition
    Info: Processing started: Mon Nov 10 19:36:39 2014
Info: Command: quartus_map --read_settings_files=on --write_settings_files=off gatoyraton -c gatoyraton
Warning (20028): Parallel compilation is not licensed and has been disabled
Info (12021): Found 1 design units, including 1 entities, in source file gatoyraton.bdf
    Info (12023): Found entity 1: gatoyraton
Info (12021): Found 2 design units, including 1 entities, in source file divisores.vhd
    Info (12022): Found design unit 1: clocks-clock_divider
    Info (12023): Found entity 1: clocks
Info (12021): Found 2 design units, including 1 entities, in source file juegoensi.vhd
    Info (12022): Found design unit 1: juegoensi-juegoensi_arch
    Info (12023): Found entity 1: juegoensi
Info (12021): Found 2 design units, including 1 entities, in source file output_files/conversor.vhd
    Info (12022): Found design unit 1: conversor-conversor_arch
    Info (12023): Found entity 1: conversor
Info (12127): Elaborating entity "gatoyraton" for the top level hierarchy
Warning (275011): Block or symbol "7447" of instance "inst2" overlaps another block or symbol
Warning (275011): Block or symbol "clocks" of instance "inst" overlaps another block or symbol
Warning (275080): Converted elements in bus name "LEDR" using legacy naming rules. Make any assignments on the new names, not on the original names.
    Warning (275081): Converted element name(s) from "LEDR[0]" to "LEDR0"
    Warning (275081): Converted element name(s) from "LEDR[1]" to "LEDR1"
    Warning (275081): Converted element name(s) from "LEDR[2]" to "LEDR2"
    Warning (275081): Converted element name(s) from "LEDR[3]" to "LEDR3"
    Warning (275081): Converted element name(s) from "LEDR[4]" to "LEDR4"
    Warning (275081): Converted element name(s) from "LEDR[5]" to "LEDR5"
    Warning (275081): Converted element name(s) from "LEDR[6]" to "LEDR6"
    Warning (275081): Converted element name(s) from "LEDR[7]" to "LEDR7"
    Warning (275081): Converted element name(s) from "LEDR[8]" to "LEDR8"
    Warning (275081): Converted element name(s) from "LEDR[9]" to "LEDR9"
    Warning (275081): Converted element name(s) from "LEDR[10]" to "LEDR10"
    Warning (275081): Converted element name(s) from "LEDR[11]" to "LEDR11"
    Warning (275081): Converted element name(s) from "LEDR[12]" to "LEDR12"
    Warning (275081): Converted element name(s) from "LEDR[13]" to "LEDR13"
    Warning (275081): Converted element name(s) from "LEDR[14]" to "LEDR14"
    Warning (275081): Converted element name(s) from "LEDR[15]" to "LEDR15"
    Warning (275081): Converted element name(s) from "LEDR[16]" to "LEDR16"
    Warning (275081): Converted element name(s) from "LEDR[17]" to "LEDR17"
    Warning (275081): Converted element name(s) from "LEDR[17..0]" to "LEDR17..0"
Warning (275080): Converted elements in bus name "SW" using legacy naming rules. Make any assignments on the new names, not on the original names.
    Warning (275081): Converted element name(s) from "SW[0]" to "SW0"
    Warning (275081): Converted element name(s) from "SW[1]" to "SW1"
    Warning (275081): Converted element name(s) from "SW[2]" to "SW2"
    Warning (275081): Converted element name(s) from "SW[3]" to "SW3"
    Warning (275081): Converted element name(s) from "SW[4]" to "SW4"
    Warning (275081): Converted element name(s) from "SW[5]" to "SW5"
    Warning (275081): Converted element name(s) from "SW[6]" to "SW6"
    Warning (275081): Converted element name(s) from "SW[7]" to "SW7"
    Warning (275081): Converted element name(s) from "SW[8]" to "SW8"
    Warning (275081): Converted element name(s) from "SW[9]" to "SW9"
    Warning (275081): Converted element name(s) from "SW[10]" to "SW10"
    Warning (275081): Converted element name(s) from "SW[11]" to "SW11"
    Warning (275081): Converted element name(s) from "SW[12]" to "SW12"
    Warning (275081): Converted element name(s) from "SW[13]" to "SW13"
    Warning (275081): Converted element name(s) from "SW[14]" to "SW14"
    Warning (275081): Converted element name(s) from "SW[15]" to "SW15"
    Warning (275081): Converted element name(s) from "SW[16]" to "SW16"
    Warning (275081): Converted element name(s) from "SW[17]" to "SW17"
    Warning (275081): Converted element name(s) from "SW[17..0]" to "SW17..0"
Info (12128): Elaborating entity "juegoensi" for hierarchy "juegoensi:inst1"
Warning (10492): VHDL Process Statement warning at juegoensi.vhd(41): signal "running" is read inside the Process Statement but isn't in the Process Statement's sensitivity list
Warning (10492): VHDL Process Statement warning at juegoensi.vhd(41): signal "sw" is read inside the Process Statement but isn't in the Process Statement's sensitivity list
Warning (10492): VHDL Process Statement warning at juegoensi.vhd(45): signal "running" is read inside the Process Statement but isn't in the Process Statement's sensitivity list
Info (10041): Inferred latch for "suma[0]" at juegoensi.vhd(140)
Info (10041): Inferred latch for "suma[1]" at juegoensi.vhd(140)
Info (10041): Inferred latch for "suma[2]" at juegoensi.vhd(140)
Info (10041): Inferred latch for "suma[3]" at juegoensi.vhd(140)
Info (10041): Inferred latch for "suma[4]" at juegoensi.vhd(140)
Info (10041): Inferred latch for "suma[5]" at juegoensi.vhd(140)
Info (10041): Inferred latch for "suma[6]" at juegoensi.vhd(140)
Info (10041): Inferred latch for "LEDR[0]" at juegoensi.vhd(87)
Info (10041): Inferred latch for "LEDR[1]" at juegoensi.vhd(87)
Info (10041): Inferred latch for "LEDR[2]" at juegoensi.vhd(87)
Info (10041): Inferred latch for "LEDR[3]" at juegoensi.vhd(87)
Info (10041): Inferred latch for "LEDR[4]" at juegoensi.vhd(87)
Info (10041): Inferred latch for "LEDR[5]" at juegoensi.vhd(87)
Info (10041): Inferred latch for "LEDR[6]" at juegoensi.vhd(87)
Info (10041): Inferred latch for "LEDR[7]" at juegoensi.vhd(87)
Info (10041): Inferred latch for "LEDR[8]" at juegoensi.vhd(87)
Info (10041): Inferred latch for "LEDR[9]" at juegoensi.vhd(87)
Info (10041): Inferred latch for "LEDR[10]" at juegoensi.vhd(87)
Info (10041): Inferred latch for "LEDR[11]" at juegoensi.vhd(87)
Info (10041): Inferred latch for "LEDR[12]" at juegoensi.vhd(87)
Info (10041): Inferred latch for "LEDR[13]" at juegoensi.vhd(87)
Info (10041): Inferred latch for "LEDR[14]" at juegoensi.vhd(87)
Info (10041): Inferred latch for "LEDR[15]" at juegoensi.vhd(87)
Info (10041): Inferred latch for "LEDR[16]" at juegoensi.vhd(87)
Info (10041): Inferred latch for "LEDR[17]" at juegoensi.vhd(87)
Info (12128): Elaborating entity "clocks" for hierarchy "clocks:inst"
Warning (10541): VHDL Signal Declaration warning at divisores.vhd(12): used implicit default value for signal "clk_10hz" because signal was never assigned a value or an explicit default value. Use of implicit default value may introduce unintended design optimizations.
Info (12128): Elaborating entity "7447" for hierarchy "7447:inst3"
Info (12130): Elaborated megafunction instantiation "7447:inst3"
Info (12128): Elaborating entity "conversor" for hierarchy "conversor:inst4"
Info (10041): Inferred latch for "salida2[0]" at conversor.vhd(36)
Info (10041): Inferred latch for "salida2[1]" at conversor.vhd(36)
Info (10041): Inferred latch for "salida2[2]" at conversor.vhd(36)
Info (10041): Inferred latch for "salida2[3]" at conversor.vhd(36)
Info (10041): Inferred latch for "salida1[0]" at conversor.vhd(24)
Info (10041): Inferred latch for "salida1[1]" at conversor.vhd(24)
Info (10041): Inferred latch for "salida1[2]" at conversor.vhd(24)
Info (10041): Inferred latch for "salida1[3]" at conversor.vhd(24)
Warning (13004): Presettable and clearable registers converted to equivalent circuits with latches. Registers power-up to an undefined state, and DEVCLRn places the registers in an undefined state.
    Warning (13310): Register "juegoensi:inst1|running" is converted into an equivalent circuit using register "juegoensi:inst1|running~_emulated" and latch "juegoensi:inst1|running~1"
Warning (13024): Output pins are stuck at VCC or GND
    Warning (13410): Pin "hex0_a" is stuck at GND
    Warning (13410): Pin "hex0_b" is stuck at GND
    Warning (13410): Pin "hex0_c" is stuck at GND
    Warning (13410): Pin "hex0_d" is stuck at GND
    Warning (13410): Pin "hex0_e" is stuck at GND
    Warning (13410): Pin "hex0_f" is stuck at GND
    Warning (13410): Pin "hex0_g" is stuck at VCC
    Warning (13410): Pin "hex1_a" is stuck at GND
    Warning (13410): Pin "hex1_b" is stuck at GND
    Warning (13410): Pin "hex1_c" is stuck at GND
    Warning (13410): Pin "hex1_d" is stuck at GND
    Warning (13410): Pin "hex1_e" is stuck at GND
    Warning (13410): Pin "hex1_f" is stuck at GND
    Warning (13410): Pin "hex1_g" is stuck at VCC
    Warning (13410): Pin "PinPrueba" is stuck at GND
Info (16010): Generating hard_block partition "hard_block:auto_generated_inst"
    Info (16011): Adding 0 node(s), including 0 DDIO, 0 PLL, 0 transceiver and 0 LCELL
Info (21057): Implemented 332 device resources after synthesis - the final resource count might be different
    Info (21058): Implemented 21 input pins
    Info (21059): Implemented 41 output pins
    Info (21061): Implemented 270 logic cells
Info: Quartus II 64-Bit Analysis & Synthesis was successful. 0 errors, 65 warnings
    Info: Peak virtual memory: 511 megabytes
    Info: Processing ended: Mon Nov 10 19:36:42 2014
    Info: Elapsed time: 00:00:03
    Info: Total CPU time (on all processors): 00:00:02


